<?xml version="1.0" encoding="UTF-8"?>
<!-- Generated by org.testng.reporters.JUnitReportReporter -->
<testsuite hostname="MBP-de-Nimesha" failures="0" tests="2" name="com.SeleniumFrameworkDesigning.tests.MakeTheBookingTest" time="6.557" errors="0" timestamp="2023-12-27T02:22:58 EST" skipped="0">
  <testcase classname="com.SeleniumFrameworkDesigning.tests.MakeTheBookingTest" name="makeBooking" time="2.788"/>
  <testcase classname="com.SeleniumFrameworkDesigning.tests.MakeTheBookingTest" name="makeBooking" time="3.769"/>
</testsuite> <!-- com.SeleniumFrameworkDesigning.tests.MakeTheBookingTest -->
