<?xml version="1.0" encoding="UTF-8"?>
<testsuite xmlns:xsi="http://www.w3.org/2001/XMLSchema-instance" xsi:noNamespaceSchemaLocation="https://maven.apache.org/surefire/maven-surefire-plugin/xsd/surefire-test-report-3.0.xsd" version="3.0" name="TestSuite" time="6.567" tests="3" errors="0" skipped="0" failures="0">
  <properties>
    <property name="java.specification.version" value="21"/>
    <property name="webdriver.chrome.driver" value="/Users/nimesha/.cache/selenium/chromedriver/mac-arm64/120.0.6099.109/chromedriver"/>
    <property name="sun.jnu.encoding" value="UTF-8"/>
    <property name="java.class.path" value="/Users/nimesha/eclipse-workspace/SeleniumFrameworkDesigning/target/test-classes:/Users/nimesha/eclipse-workspace/SeleniumFrameworkDesigning/target/classes:/Users/nimesha/.m2/repository/junit/junit/4.11/junit-4.11.jar:/Users/nimesha/.m2/repository/org/hamcrest/hamcrest-core/1.3/hamcrest-core-1.3.jar:/Users/nimesha/.m2/repository/org/seleniumhq/selenium/selenium-java/4.16.1/selenium-java-4.16.1.jar:/Users/nimesha/.m2/repository/org/seleniumhq/selenium/selenium-api/4.16.1/selenium-api-4.16.1.jar:/Users/nimesha/.m2/repository/org/seleniumhq/selenium/selenium-chrome-driver/4.16.1/selenium-chrome-driver-4.16.1.jar:/Users/nimesha/.m2/repository/com/google/auto/service/auto-service-annotations/1.1.1/auto-service-annotations-1.1.1.jar:/Users/nimesha/.m2/repository/org/seleniumhq/selenium/selenium-chromium-driver/4.16.1/selenium-chromium-driver-4.16.1.jar:/Users/nimesha/.m2/repository/org/seleniumhq/selenium/selenium-json/4.16.1/selenium-json-4.16.1.jar:/Users/nimesha/.m2/repository/org/seleniumhq/selenium/selenium-manager/4.16.1/selenium-manager-4.16.1.jar:/Users/nimesha/.m2/repository/org/seleniumhq/selenium/selenium-devtools-v118/4.16.1/selenium-devtools-v118-4.16.1.jar:/Users/nimesha/.m2/repository/org/seleniumhq/selenium/selenium-devtools-v119/4.16.1/selenium-devtools-v119-4.16.1.jar:/Users/nimesha/.m2/repository/org/seleniumhq/selenium/selenium-devtools-v120/4.16.1/selenium-devtools-v120-4.16.1.jar:/Users/nimesha/.m2/repository/org/seleniumhq/selenium/selenium-devtools-v85/4.16.1/selenium-devtools-v85-4.16.1.jar:/Users/nimesha/.m2/repository/org/seleniumhq/selenium/selenium-edge-driver/4.16.1/selenium-edge-driver-4.16.1.jar:/Users/nimesha/.m2/repository/org/seleniumhq/selenium/selenium-firefox-driver/4.16.1/selenium-firefox-driver-4.16.1.jar:/Users/nimesha/.m2/repository/org/seleniumhq/selenium/selenium-http/4.16.1/selenium-http-4.16.1.jar:/Users/nimesha/.m2/repository/dev/failsafe/failsafe/3.3.2/failsafe-3.3.2.jar:/Users/nimesha/.m2/repository/org/seleniumhq/selenium/selenium-ie-driver/4.16.1/selenium-ie-driver-4.16.1.jar:/Users/nimesha/.m2/repository/org/seleniumhq/selenium/selenium-remote-driver/4.16.1/selenium-remote-driver-4.16.1.jar:/Users/nimesha/.m2/repository/com/google/guava/guava/32.1.2-jre/guava-32.1.2-jre.jar:/Users/nimesha/.m2/repository/com/google/guava/failureaccess/1.0.1/failureaccess-1.0.1.jar:/Users/nimesha/.m2/repository/com/google/guava/listenablefuture/9999.0-empty-to-avoid-conflict-with-guava/listenablefuture-9999.0-empty-to-avoid-conflict-with-guava.jar:/Users/nimesha/.m2/repository/com/google/code/findbugs/jsr305/3.0.2/jsr305-3.0.2.jar:/Users/nimesha/.m2/repository/org/checkerframework/checker-qual/3.33.0/checker-qual-3.33.0.jar:/Users/nimesha/.m2/repository/com/google/errorprone/error_prone_annotations/2.18.0/error_prone_annotations-2.18.0.jar:/Users/nimesha/.m2/repository/com/google/j2objc/j2objc-annotations/2.8/j2objc-annotations-2.8.jar:/Users/nimesha/.m2/repository/io/opentelemetry/opentelemetry-api/1.28.0/opentelemetry-api-1.28.0.jar:/Users/nimesha/.m2/repository/io/opentelemetry/opentelemetry-context/1.28.0/opentelemetry-context-1.28.0.jar:/Users/nimesha/.m2/repository/io/opentelemetry/opentelemetry-exporter-logging/1.28.0/opentelemetry-exporter-logging-1.28.0.jar:/Users/nimesha/.m2/repository/io/opentelemetry/opentelemetry-sdk-metrics/1.28.0/opentelemetry-sdk-metrics-1.28.0.jar:/Users/nimesha/.m2/repository/io/opentelemetry/opentelemetry-extension-incubator/1.28.0-alpha/opentelemetry-extension-incubator-1.28.0-alpha.jar:/Users/nimesha/.m2/repository/io/opentelemetry/opentelemetry-sdk-logs/1.28.0/opentelemetry-sdk-logs-1.28.0.jar:/Users/nimesha/.m2/repository/io/opentelemetry/opentelemetry-sdk-common/1.28.0/opentelemetry-sdk-common-1.28.0.jar:/Users/nimesha/.m2/repository/io/opentelemetry/opentelemetry-sdk-extension-autoconfigure-spi/1.28.0/opentelemetry-sdk-extension-autoconfigure-spi-1.28.0.jar:/Users/nimesha/.m2/repository/io/opentelemetry/opentelemetry-sdk-extension-autoconfigure/1.28.0/opentelemetry-sdk-extension-autoconfigure-1.28.0.jar:/Users/nimesha/.m2/repository/io/opentelemetry/opentelemetry-api-events/1.28.0-alpha/opentelemetry-api-events-1.28.0-alpha.jar:/Users/nimesha/.m2/repository/io/opentelemetry/opentelemetry-sdk-trace/1.28.0/opentelemetry-sdk-trace-1.28.0.jar:/Users/nimesha/.m2/repository/io/opentelemetry/opentelemetry-sdk/1.28.0/opentelemetry-sdk-1.28.0.jar:/Users/nimesha/.m2/repository/io/opentelemetry/opentelemetry-semconv/1.28.0-alpha/opentelemetry-semconv-1.28.0-alpha.jar:/Users/nimesha/.m2/repository/net/bytebuddy/byte-buddy/1.14.5/byte-buddy-1.14.5.jar:/Users/nimesha/.m2/repository/org/seleniumhq/selenium/selenium-os/4.16.1/selenium-os-4.16.1.jar:/Users/nimesha/.m2/repository/org/apache/commons/commons-exec/1.3/commons-exec-1.3.jar:/Users/nimesha/.m2/repository/org/seleniumhq/selenium/selenium-safari-driver/4.16.1/selenium-safari-driver-4.16.1.jar:/Users/nimesha/.m2/repository/org/seleniumhq/selenium/selenium-support/4.16.1/selenium-support-4.16.1.jar:/Users/nimesha/.m2/repository/io/github/bonigarcia/webdrivermanager/5.6.2/webdrivermanager-5.6.2.jar:/Users/nimesha/.m2/repository/org/slf4j/slf4j-api/2.0.9/slf4j-api-2.0.9.jar:/Users/nimesha/.m2/repository/com/google/code/gson/gson/2.10.1/gson-2.10.1.jar:/Users/nimesha/.m2/repository/com/github/docker-java/docker-java/3.3.4/docker-java-3.3.4.jar:/Users/nimesha/.m2/repository/com/github/docker-java/docker-java-core/3.3.4/docker-java-core-3.3.4.jar:/Users/nimesha/.m2/repository/com/github/docker-java/docker-java-api/3.3.4/docker-java-api-3.3.4.jar:/Users/nimesha/.m2/repository/commons-io/commons-io/2.13.0/commons-io-2.13.0.jar:/Users/nimesha/.m2/repository/org/bouncycastle/bcpkix-jdk18on/1.76/bcpkix-jdk18on-1.76.jar:/Users/nimesha/.m2/repository/org/bouncycastle/bcprov-jdk18on/1.76/bcprov-jdk18on-1.76.jar:/Users/nimesha/.m2/repository/org/bouncycastle/bcutil-jdk18on/1.76/bcutil-jdk18on-1.76.jar:/Users/nimesha/.m2/repository/org/slf4j/jcl-over-slf4j/1.7.30/jcl-over-slf4j-1.7.30.jar:/Users/nimesha/.m2/repository/com/github/docker-java/docker-java-transport-httpclient5/3.3.4/docker-java-transport-httpclient5-3.3.4.jar:/Users/nimesha/.m2/repository/com/github/docker-java/docker-java-transport/3.3.4/docker-java-transport-3.3.4.jar:/Users/nimesha/.m2/repository/net/java/dev/jna/jna/5.13.0/jna-5.13.0.jar:/Users/nimesha/.m2/repository/org/brotli/dec/0.1.2/dec-0.1.2.jar:/Users/nimesha/.m2/repository/org/apache/commons/commons-lang3/3.13.0/commons-lang3-3.13.0.jar:/Users/nimesha/.m2/repository/org/apache/commons/commons-compress/1.24.0/commons-compress-1.24.0.jar:/Users/nimesha/.m2/repository/org/apache/httpcomponents/client5/httpclient5/5.2.1/httpclient5-5.2.1.jar:/Users/nimesha/.m2/repository/org/apache/httpcomponents/core5/httpcore5/5.2/httpcore5-5.2.jar:/Users/nimesha/.m2/repository/org/apache/httpcomponents/core5/httpcore5-h2/5.2/httpcore5-h2-5.2.jar:/Users/nimesha/.m2/repository/org/testng/testng/7.8.0/testng-7.8.0.jar:/Users/nimesha/.m2/repository/com/beust/jcommander/1.82/jcommander-1.82.jar:/Users/nimesha/.m2/repository/org/webjars/jquery/3.6.1/jquery-3.6.1.jar:/Users/nimesha/.m2/repository/com/aventstack/extentreports/5.1.1/extentreports-5.1.1.jar:/Users/nimesha/.m2/repository/io/reactivex/rxjava3/rxjava/3.1.6/rxjava-3.1.6.jar:/Users/nimesha/.m2/repository/org/reactivestreams/reactive-streams/1.0.4/reactive-streams-1.0.4.jar:/Users/nimesha/.m2/repository/org/freemarker/freemarker/2.3.32/freemarker-2.3.32.jar:/Users/nimesha/.m2/repository/org/projectlombok/lombok/1.18.26/lombok-1.18.26.jar:/Users/nimesha/.m2/repository/com/fasterxml/jackson/core/jackson-databind/2.16.1/jackson-databind-2.16.1.jar:/Users/nimesha/.m2/repository/com/fasterxml/jackson/core/jackson-annotations/2.16.1/jackson-annotations-2.16.1.jar:/Users/nimesha/.m2/repository/com/fasterxml/jackson/core/jackson-core/2.16.1/jackson-core-2.16.1.jar:"/>
    <property name="java.vm.vendor" value="Homebrew"/>
    <property name="sun.arch.data.model" value="64"/>
    <property name="java.vendor.url" value="https://github.com/Homebrew/homebrew-core/issues"/>
    <property name="user.timezone" value="America/Toronto"/>
    <property name="os.name" value="Mac OS X"/>
    <property name="java.vm.specification.version" value="21"/>
    <property name="sun.java.launcher" value="SUN_STANDARD"/>
    <property name="user.country" value="CA"/>
    <property name="sun.boot.library.path" value="/opt/homebrew/Cellar/openjdk/21.0.1/libexec/openjdk.jdk/Contents/Home/lib"/>
    <property name="sun.java.command" value="/Users/nimesha/eclipse-workspace/SeleniumFrameworkDesigning/target/surefire/surefirebooter-20231227022327822_3.jar /Users/nimesha/eclipse-workspace/SeleniumFrameworkDesigning/target/surefire 2023-12-27T02-23-27_549-jvmRun1 surefire-20231227022327822_1tmp surefire_0-20231227022327822_2tmp"/>
    <property name="http.nonProxyHosts" value="local|*.local|169.254/16|*.169.254/16"/>
    <property name="jdk.debug" value="release"/>
    <property name="surefire.test.class.path" value="/Users/nimesha/eclipse-workspace/SeleniumFrameworkDesigning/target/test-classes:/Users/nimesha/eclipse-workspace/SeleniumFrameworkDesigning/target/classes:/Users/nimesha/.m2/repository/junit/junit/4.11/junit-4.11.jar:/Users/nimesha/.m2/repository/org/hamcrest/hamcrest-core/1.3/hamcrest-core-1.3.jar:/Users/nimesha/.m2/repository/org/seleniumhq/selenium/selenium-java/4.16.1/selenium-java-4.16.1.jar:/Users/nimesha/.m2/repository/org/seleniumhq/selenium/selenium-api/4.16.1/selenium-api-4.16.1.jar:/Users/nimesha/.m2/repository/org/seleniumhq/selenium/selenium-chrome-driver/4.16.1/selenium-chrome-driver-4.16.1.jar:/Users/nimesha/.m2/repository/com/google/auto/service/auto-service-annotations/1.1.1/auto-service-annotations-1.1.1.jar:/Users/nimesha/.m2/repository/org/seleniumhq/selenium/selenium-chromium-driver/4.16.1/selenium-chromium-driver-4.16.1.jar:/Users/nimesha/.m2/repository/org/seleniumhq/selenium/selenium-json/4.16.1/selenium-json-4.16.1.jar:/Users/nimesha/.m2/repository/org/seleniumhq/selenium/selenium-manager/4.16.1/selenium-manager-4.16.1.jar:/Users/nimesha/.m2/repository/org/seleniumhq/selenium/selenium-devtools-v118/4.16.1/selenium-devtools-v118-4.16.1.jar:/Users/nimesha/.m2/repository/org/seleniumhq/selenium/selenium-devtools-v119/4.16.1/selenium-devtools-v119-4.16.1.jar:/Users/nimesha/.m2/repository/org/seleniumhq/selenium/selenium-devtools-v120/4.16.1/selenium-devtools-v120-4.16.1.jar:/Users/nimesha/.m2/repository/org/seleniumhq/selenium/selenium-devtools-v85/4.16.1/selenium-devtools-v85-4.16.1.jar:/Users/nimesha/.m2/repository/org/seleniumhq/selenium/selenium-edge-driver/4.16.1/selenium-edge-driver-4.16.1.jar:/Users/nimesha/.m2/repository/org/seleniumhq/selenium/selenium-firefox-driver/4.16.1/selenium-firefox-driver-4.16.1.jar:/Users/nimesha/.m2/repository/org/seleniumhq/selenium/selenium-http/4.16.1/selenium-http-4.16.1.jar:/Users/nimesha/.m2/repository/dev/failsafe/failsafe/3.3.2/failsafe-3.3.2.jar:/Users/nimesha/.m2/repository/org/seleniumhq/selenium/selenium-ie-driver/4.16.1/selenium-ie-driver-4.16.1.jar:/Users/nimesha/.m2/repository/org/seleniumhq/selenium/selenium-remote-driver/4.16.1/selenium-remote-driver-4.16.1.jar:/Users/nimesha/.m2/repository/com/google/guava/guava/32.1.2-jre/guava-32.1.2-jre.jar:/Users/nimesha/.m2/repository/com/google/guava/failureaccess/1.0.1/failureaccess-1.0.1.jar:/Users/nimesha/.m2/repository/com/google/guava/listenablefuture/9999.0-empty-to-avoid-conflict-with-guava/listenablefuture-9999.0-empty-to-avoid-conflict-with-guava.jar:/Users/nimesha/.m2/repository/com/google/code/findbugs/jsr305/3.0.2/jsr305-3.0.2.jar:/Users/nimesha/.m2/repository/org/checkerframework/checker-qual/3.33.0/checker-qual-3.33.0.jar:/Users/nimesha/.m2/repository/com/google/errorprone/error_prone_annotations/2.18.0/error_prone_annotations-2.18.0.jar:/Users/nimesha/.m2/repository/com/google/j2objc/j2objc-annotations/2.8/j2objc-annotations-2.8.jar:/Users/nimesha/.m2/repository/io/opentelemetry/opentelemetry-api/1.28.0/opentelemetry-api-1.28.0.jar:/Users/nimesha/.m2/repository/io/opentelemetry/opentelemetry-context/1.28.0/opentelemetry-context-1.28.0.jar:/Users/nimesha/.m2/repository/io/opentelemetry/opentelemetry-exporter-logging/1.28.0/opentelemetry-exporter-logging-1.28.0.jar:/Users/nimesha/.m2/repository/io/opentelemetry/opentelemetry-sdk-metrics/1.28.0/opentelemetry-sdk-metrics-1.28.0.jar:/Users/nimesha/.m2/repository/io/opentelemetry/opentelemetry-extension-incubator/1.28.0-alpha/opentelemetry-extension-incubator-1.28.0-alpha.jar:/Users/nimesha/.m2/repository/io/opentelemetry/opentelemetry-sdk-logs/1.28.0/opentelemetry-sdk-logs-1.28.0.jar:/Users/nimesha/.m2/repository/io/opentelemetry/opentelemetry-sdk-common/1.28.0/opentelemetry-sdk-common-1.28.0.jar:/Users/nimesha/.m2/repository/io/opentelemetry/opentelemetry-sdk-extension-autoconfigure-spi/1.28.0/opentelemetry-sdk-extension-autoconfigure-spi-1.28.0.jar:/Users/nimesha/.m2/repository/io/opentelemetry/opentelemetry-sdk-extension-autoconfigure/1.28.0/opentelemetry-sdk-extension-autoconfigure-1.28.0.jar:/Users/nimesha/.m2/repository/io/opentelemetry/opentelemetry-api-events/1.28.0-alpha/opentelemetry-api-events-1.28.0-alpha.jar:/Users/nimesha/.m2/repository/io/opentelemetry/opentelemetry-sdk-trace/1.28.0/opentelemetry-sdk-trace-1.28.0.jar:/Users/nimesha/.m2/repository/io/opentelemetry/opentelemetry-sdk/1.28.0/opentelemetry-sdk-1.28.0.jar:/Users/nimesha/.m2/repository/io/opentelemetry/opentelemetry-semconv/1.28.0-alpha/opentelemetry-semconv-1.28.0-alpha.jar:/Users/nimesha/.m2/repository/net/bytebuddy/byte-buddy/1.14.5/byte-buddy-1.14.5.jar:/Users/nimesha/.m2/repository/org/seleniumhq/selenium/selenium-os/4.16.1/selenium-os-4.16.1.jar:/Users/nimesha/.m2/repository/org/apache/commons/commons-exec/1.3/commons-exec-1.3.jar:/Users/nimesha/.m2/repository/org/seleniumhq/selenium/selenium-safari-driver/4.16.1/selenium-safari-driver-4.16.1.jar:/Users/nimesha/.m2/repository/org/seleniumhq/selenium/selenium-support/4.16.1/selenium-support-4.16.1.jar:/Users/nimesha/.m2/repository/io/github/bonigarcia/webdrivermanager/5.6.2/webdrivermanager-5.6.2.jar:/Users/nimesha/.m2/repository/org/slf4j/slf4j-api/2.0.9/slf4j-api-2.0.9.jar:/Users/nimesha/.m2/repository/com/google/code/gson/gson/2.10.1/gson-2.10.1.jar:/Users/nimesha/.m2/repository/com/github/docker-java/docker-java/3.3.4/docker-java-3.3.4.jar:/Users/nimesha/.m2/repository/com/github/docker-java/docker-java-core/3.3.4/docker-java-core-3.3.4.jar:/Users/nimesha/.m2/repository/com/github/docker-java/docker-java-api/3.3.4/docker-java-api-3.3.4.jar:/Users/nimesha/.m2/repository/commons-io/commons-io/2.13.0/commons-io-2.13.0.jar:/Users/nimesha/.m2/repository/org/bouncycastle/bcpkix-jdk18on/1.76/bcpkix-jdk18on-1.76.jar:/Users/nimesha/.m2/repository/org/bouncycastle/bcprov-jdk18on/1.76/bcprov-jdk18on-1.76.jar:/Users/nimesha/.m2/repository/org/bouncycastle/bcutil-jdk18on/1.76/bcutil-jdk18on-1.76.jar:/Users/nimesha/.m2/repository/org/slf4j/jcl-over-slf4j/1.7.30/jcl-over-slf4j-1.7.30.jar:/Users/nimesha/.m2/repository/com/github/docker-java/docker-java-transport-httpclient5/3.3.4/docker-java-transport-httpclient5-3.3.4.jar:/Users/nimesha/.m2/repository/com/github/docker-java/docker-java-transport/3.3.4/docker-java-transport-3.3.4.jar:/Users/nimesha/.m2/repository/net/java/dev/jna/jna/5.13.0/jna-5.13.0.jar:/Users/nimesha/.m2/repository/org/brotli/dec/0.1.2/dec-0.1.2.jar:/Users/nimesha/.m2/repository/org/apache/commons/commons-lang3/3.13.0/commons-lang3-3.13.0.jar:/Users/nimesha/.m2/repository/org/apache/commons/commons-compress/1.24.0/commons-compress-1.24.0.jar:/Users/nimesha/.m2/repository/org/apache/httpcomponents/client5/httpclient5/5.2.1/httpclient5-5.2.1.jar:/Users/nimesha/.m2/repository/org/apache/httpcomponents/core5/httpcore5/5.2/httpcore5-5.2.jar:/Users/nimesha/.m2/repository/org/apache/httpcomponents/core5/httpcore5-h2/5.2/httpcore5-h2-5.2.jar:/Users/nimesha/.m2/repository/org/testng/testng/7.8.0/testng-7.8.0.jar:/Users/nimesha/.m2/repository/com/beust/jcommander/1.82/jcommander-1.82.jar:/Users/nimesha/.m2/repository/org/webjars/jquery/3.6.1/jquery-3.6.1.jar:/Users/nimesha/.m2/repository/com/aventstack/extentreports/5.1.1/extentreports-5.1.1.jar:/Users/nimesha/.m2/repository/io/reactivex/rxjava3/rxjava/3.1.6/rxjava-3.1.6.jar:/Users/nimesha/.m2/repository/org/reactivestreams/reactive-streams/1.0.4/reactive-streams-1.0.4.jar:/Users/nimesha/.m2/repository/org/freemarker/freemarker/2.3.32/freemarker-2.3.32.jar:/Users/nimesha/.m2/repository/org/projectlombok/lombok/1.18.26/lombok-1.18.26.jar:/Users/nimesha/.m2/repository/com/fasterxml/jackson/core/jackson-databind/2.16.1/jackson-databind-2.16.1.jar:/Users/nimesha/.m2/repository/com/fasterxml/jackson/core/jackson-annotations/2.16.1/jackson-annotations-2.16.1.jar:/Users/nimesha/.m2/repository/com/fasterxml/jackson/core/jackson-core/2.16.1/jackson-core-2.16.1.jar:"/>
    <property name="sun.cpu.endian" value="little"/>
    <property name="user.home" value="/Users/nimesha"/>
    <property name="user.language" value="en"/>
    <property name="java.specification.vendor" value="Oracle Corporation"/>
    <property name="java.version.date" value="2023-10-17"/>
    <property name="java.home" value="/opt/homebrew/Cellar/openjdk/21.0.1/libexec/openjdk.jdk/Contents/Home"/>
    <property name="file.separator" value="/"/>
    <property name="basedir" value="/Users/nimesha/eclipse-workspace/SeleniumFrameworkDesigning"/>
    <property name="java.vm.compressedOopsMode" value="Zero based"/>
    <property name="line.separator" value="&#10;"/>
    <property name="java.vm.specification.vendor" value="Oracle Corporation"/>
    <property name="java.specification.name" value="Java Platform API Specification"/>
    <property name="apple.awt.application.name" value="ForkedBooter"/>
    <property name="surefire.real.class.path" value="/Users/nimesha/eclipse-workspace/SeleniumFrameworkDesigning/target/surefire/surefirebooter-20231227022327822_3.jar"/>
    <property name="sun.management.compiler" value="HotSpot 64-Bit Tiered Compilers"/>
    <property name="ftp.nonProxyHosts" value="local|*.local|169.254/16|*.169.254/16"/>
    <property name="java.runtime.version" value="21.0.1"/>
    <property name="user.name" value="nimesha"/>
    <property name="stdout.encoding" value="UTF-8"/>
    <property name="path.separator" value=":"/>
    <property name="os.version" value="14.0"/>
    <property name="java.runtime.name" value="OpenJDK Runtime Environment"/>
    <property name="file.encoding" value="UTF-8"/>
    <property name="browser" value="chrome"/>
    <property name="java.vm.name" value="OpenJDK 64-Bit Server VM"/>
    <property name="java.vendor.version" value="Homebrew"/>
    <property name="localRepository" value="/Users/nimesha/.m2/repository"/>
    <property name="java.vendor.url.bug" value="https://github.com/Homebrew/homebrew-core/issues"/>
    <property name="java.io.tmpdir" value="/var/folders/j3/0152nwjn6hdg4x00ydwpht0c0000gn/T/"/>
    <property name="java.version" value="21.0.1"/>
    <property name="user.dir" value="/Users/nimesha/eclipse-workspace/SeleniumFrameworkDesigning"/>
    <property name="os.arch" value="aarch64"/>
    <property name="java.vm.specification.name" value="Java Virtual Machine Specification"/>
    <property name="native.encoding" value="UTF-8"/>
    <property name="java.library.path" value="/Users/nimesha/Library/Java/Extensions:/Library/Java/Extensions:/Network/Library/Java/Extensions:/System/Library/Java/Extensions:/usr/lib/java:."/>
    <property name="java.vm.info" value="mixed mode, sharing"/>
    <property name="stderr.encoding" value="UTF-8"/>
    <property name="java.vendor" value="Homebrew"/>
    <property name="java.vm.version" value="21.0.1"/>
    <property name="sun.io.unicode.encoding" value="UnicodeBig"/>
    <property name="socksNonProxyHosts" value="local|*.local|169.254/16|*.169.254/16"/>
    <property name="java.class.version" value="65.0"/>
  </properties>
  <testcase name="makeBooking[{date=12/12/2024, password=ThisIsNotAPassword, program=1, facility=1, username=John Doe}](1)" classname="com.SeleniumFrameworkDesigning.tests.MakeTheBookingTest" time="0.385">
    <system-out><![CDATA[Click on login
Appointment page
]]></system-out>
    <system-err><![CDATA[SLF4J: No SLF4J providers were found.
SLF4J: Defaulting to no-operation (NOP) logger implementation
SLF4J: See https://www.slf4j.org/codes.html#noProviders for further details.
]]></system-err>
  </testcase>
  <testcase name="makeBooking[{date=01/01/2024, password=ThisIsNotAPassword, program=2, facility=2, username=John Doe}](2)" classname="com.SeleniumFrameworkDesigning.tests.MakeTheBookingTest" time="0.761">
    <system-out><![CDATA[Click on login
Appointment page
]]></system-out>
  </testcase>
  <testcase name="loginFail" classname="com.SeleniumFrameworkDesigning.tests.ErrorValidation" time="0.516">
    <system-out><![CDATA[Click on login
]]></system-out>
  </testcase>
</testsuite>