<?xml version="1.0" encoding="UTF-8"?>
<!-- Generated by org.testng.reporters.JUnitReportReporter -->
<testsuite hostname="MBP-de-Nimesha" failures="0" tests="1" name="com.SeleniumFrameworkDesigning.tests.AppTest" time="0.002" errors="0" timestamp="2023-12-27T02:22:58 EST" skipped="0">
  <testcase classname="com.SeleniumFrameworkDesigning.tests.AppTest" name="shouldAnswerWithTrue" time="0.002"/>
</testsuite> <!-- com.SeleniumFrameworkDesigning.tests.AppTest -->
