<?xml version="1.0" encoding="UTF-8"?>
<!-- Generated by org.testng.reporters.JUnitReportReporter -->
<testsuite hostname="MBP-de-Nimesha" failures="0" tests="1" name="com.SeleniumFrameworkDesigning.tests.ErrorValidation" time="13.714" errors="0" timestamp="2023-12-27T01:28:38 EST" skipped="0">
  <testcase classname="com.SeleniumFrameworkDesigning.tests.ErrorValidation" name="loginFail" time="13.714"/>
</testsuite> <!-- com.SeleniumFrameworkDesigning.tests.ErrorValidation -->
