<?xml version="1.0" encoding="UTF-8"?>
<!-- Generated by org.testng.reporters.JUnitReportReporter -->
<testsuite hostname="MBP-de-Nimesha" failures="0" tests="2" name="com.SeleniumFrameworkDesigning.tests.MakeTheBookingTest" time="21.385" errors="0" timestamp="2023-12-26T20:21:39 EST" skipped="0">
  <testcase classname="com.SeleniumFrameworkDesigning.tests.MakeTheBookingTest" name="makeBooking" time="8.946"/>
  <testcase classname="com.SeleniumFrameworkDesigning.tests.MakeTheBookingTest" name="makeBooking" time="12.439"/>
</testsuite> <!-- com.SeleniumFrameworkDesigning.tests.MakeTheBookingTest -->
