<?xml version="1.0" encoding="UTF-8"?>
<!-- Generated by org.testng.reporters.JUnitReportReporter -->
<testsuite hostname="MBP-de-Nimesha" failures="0" tests="1" name="com.SeleniumFrameworkDesigning.tests.ErrorValidation" time="3.764" errors="0" timestamp="2023-12-27T02:23:34 EST" skipped="0">
  <testcase classname="com.SeleniumFrameworkDesigning.tests.ErrorValidation" name="loginFail" time="3.764"/>
</testsuite> <!-- com.SeleniumFrameworkDesigning.tests.ErrorValidation -->
